[2024-01-05 11:01:28] local.ERROR: compact(): Undefined variable $appointment {"userId":39,"exception":"[object] (ErrorException(code: 0): compact(): Undefined variable $appointment at /home/u175197741/domains/malcolmcordova.com/public_html/citasmedicasv1/backend-api-citas/app/Mail/RegisterAppointment.php:79)
[stacktrace]
#0 [internal function]: Illuminate\\Foundation\\Bootstrap\\HandleExceptions->handleError()
#1 /home/u175197741/domains/malcolmcordova.com/public_html/citasmedicasv1/backend-api-citas/app/Mail/RegisterAppointment.php(79): compact()
#2 /home/u175197741/domains/malcolmcordova.com/public_html/citasmedicasv1/backend-api-citas/vendor/laravel/framework/src/Illuminate/Container/BoundMethod.php(36): App\\Mail\\RegisterAppointment->build()
#3 /home/u175197741/domains/malcolmcordova.com/public_html/citasmedicasv1/backend-api-citas/vendor/laravel/framework/src/Illuminate/Container/Util.php(40): Illuminate\\Container\\BoundMethod::Illuminate\\Container\\{closure}()
#4 /home/u175197741/domains/malcolmcordova.com/public_html/citasmedicasv1/backend-api-citas/vendor/laravel/framework/src/Illuminate/Container/BoundMethod.php(93): Illuminate\\Container\\Util::unwrapIfClosure()
#5 /home/u175197741/domains/malcolmcordova.com/public_html/citasmedicasv1/backend-api-citas/vendor/laravel/framework/src/Illuminate/Container/BoundMethod.php(35): Illuminate\\Container\\BoundMethod::callBoundMethod()
#6 /home/u175197741/domains/malcolmcordova.com/public_html/citasmedicasv1/backend-api-citas/vendor/laravel/framework/src/Illuminate/Container/Container.php(653): Illuminate\\Container\\BoundMethod::call()
#7 /home/u175197741/domains/malcolmcordova.com/public_html/citasmedicasv1/backend-api-citas/vendor/laravel/framework/src/Illuminate/Mail/Mailable.php(175): Illuminate\\Container\\Container->call()
#8 /home/u175197741/domains/malcolmcordova.com/public_html/citasmedicasv1/backend-api-citas/vendor/laravel/framework/src/Illuminate/Support/Traits/Localizable.php(19): Illuminate\\Mail\\Mailable->Illuminate\\Mail\\{closure}()
#9 /home/u175197741/domains/malcolmcordova.com/public_html/citasmedicasv1/backend-api-citas/vendor/laravel/framework/src/Illuminate/Mail/Mailable.php(174): Illuminate\\Mail\\Mailable->withLocale()
#10 /home/u175197741/domains/malcolmcordova.com/public_html/citasmedicasv1/backend-api-citas/vendor/laravel/framework/src/Illuminate/Mail/Mailer.php(304): Illuminate\\Mail\\Mailable->send()
#11 /home/u175197741/domains/malcolmcordova.com/public_html/citasmedicasv1/backend-api-citas/vendor/laravel/framework/src/Illuminate/Mail/Mailer.php(258): Illuminate\\Mail\\Mailer->sendMailable()
#12 /home/u175197741/domains/malcolmcordova.com/public_html/citasmedicasv1/backend-api-citas/vendor/laravel/framework/src/Illuminate/Mail/PendingMail.php(124): Illuminate\\Mail\\Mailer->send()
#13 /home/u175197741/domains/malcolmcordova.com/public_html/citasmedicasv1/backend-api-citas/app/Http/Controllers/Appointment/AppointmentController.php(264): Illuminate\\Mail\\PendingMail->send()
#14 /home/u175197741/domains/malcolmcordova.com/public_html/citasmedicasv1/backend-api-citas/vendor/laravel/framework/src/Illuminate/Routing/Controller.php(54): App\\Http\\Controllers\\Appointment\\AppointmentController->store()
#15 /home/u175197741/domains/malcolmcordova.com/public_html/citasmedicasv1/backend-api-citas/vendor/laravel/framework/src/Illuminate/Routing/ControllerDispatcher.php(45): Illuminate\\Routing\\Controller->callAction()
#16 /home/u175197741/domains/malcolmcordova.com/public_html/citasmedicasv1/backend-api-citas/vendor/laravel/framework/src/Illuminate/Routing/Route.php(261): Illuminate\\Routing\\ControllerDispatcher->dispatch()
#17 /home/u175197741/domains/malcolmcordova.com/public_html/citasmedicasv1/backend-api-citas/vendor/laravel/framework/src/Illuminate/Routing/Route.php(205): Illuminate\\Routing\\Route->runController()
#18 /home/u175197741/domains/malcolmcordova.com/public_html/citasmedicasv1/backend-api-citas/vendor/laravel/framework/src/Illuminate/Routing/Router.php(721): Illuminate\\Routing\\Route->run()
#19 /home/u175197741/domains/malcolmcordova.com/public_html/citasmedicasv1/backend-api-citas/vendor/laravel/framework/src/Illuminate/Pipeline/Pipeline.php(128): Illuminate\\Routing\\Router->Illuminate\\Routing\\{closure}()
#20 /home/u175197741/domains/malcolmcordova.com/public_html/citasmedicasv1/backend-api-citas/vendor/laravel/framework/src/Illuminate/Routing/Middleware/SubstituteBindings.php(50): Illuminate\\Pipeline\\Pipeline->Illuminate\\Pipeline\\{closure}()
#21 /home/u175197741/domains/malcolmcordova.com/public_html/citasmedicasv1/backend-api-citas/vendor/laravel/framework/src/Illuminate/Pipeline/Pipeline.php(167): Illuminate\\Routing\\Middleware\\SubstituteBindings->handle()
#22 /home/u175197741/domains/malcolmcordova.com/public_html/citasmedicasv1/backend-api-citas/vendor/laravel/framework/src/Illuminate/Routing/Middleware/ThrottleRequests.php(127): Illuminate\\Pipeline\\Pipeline->Illuminate\\Pipeline\\{closure}()
#23 /home/u175197741/domains/malcolmcordova.com/public_html/citasmedicasv1/backend-api-citas/vendor/laravel/framework/src/Illuminate/Routing/Middleware/ThrottleRequests.php(93): Illuminate\\Routing\\Middleware\\ThrottleRequests->handleRequest()
#24 /home/u175197741/domains/malcolmcordova.com/public_html/citasmedicasv1/backend-api-citas/vendor/laravel/framework/src/Illuminate/Routing/Middleware/ThrottleRequests.php(55): Illuminate\\Routing\\Middleware\\ThrottleRequests->handleRequestUsingNamedLimiter()
#25 /home/u175197741/domains/malcolmcordova.com/public_html/citasmedicasv1/backend-api-citas/vendor/laravel/framework/src/Illuminate/Pipeline/Pipeline.php(167): Illuminate\\Routing\\Middleware\\ThrottleRequests->handle()
#26 /home/u175197741/domains/malcolmcordova.com/public_html/citasmedicasv1/backend-api-citas/vendor/laravel/framework/src/Illuminate/Pipeline/Pipeline.php(103): Illuminate\\Pipeline\\Pipeline->Illuminate\\Pipeline\\{closure}()
#27 /home/u175197741/domains/malcolmcordova.com/public_html/citasmedicasv1/backend-api-citas/vendor/laravel/framework/src/Illuminate/Routing/Router.php(719): Illuminate\\Pipeline\\Pipeline->then()
#28 /home/u175197741/domains/malcolmcordova.com/public_html/citasmedicasv1/backend-api-citas/vendor/laravel/framework/src/Illuminate/Routing/Router.php(698): Illuminate\\Routing\\Router->runRouteWithinStack()
#29 /home/u175197741/domains/malcolmcordova.com/public_html/citasmedicasv1/backend-api-citas/vendor/laravel/framework/src/Illuminate/Routing/Router.php(662): Illuminate\\Routing\\Router->runRoute()
#30 /home/u175197741/domains/malcolmcordova.com/public_html/citasmedicasv1/backend-api-citas/vendor/laravel/framework/src/Illuminate/Routing/Router.php(651): Illuminate\\Routing\\Router->dispatchToRoute()
#31 /home/u175197741/domains/malcolmcordova.com/public_html/citasmedicasv1/backend-api-citas/vendor/laravel/framework/src/Illuminate/Foundation/Http/Kernel.php(167): Illuminate\\Routing\\Router->dispatch()
#32 /home/u175197741/domains/malcolmcordova.com/public_html/citasmedicasv1/backend-api-citas/vendor/laravel/framework/src/Illuminate/Pipeline/Pipeline.php(128): Illuminate\\Foundation\\Http\\Kernel->Illuminate\\Foundation\\Http\\{closure}()
#33 /home/u175197741/domains/malcolmcordova.com/public_html/citasmedicasv1/backend-api-citas/vendor/laravel/framework/src/Illuminate/Foundation/Http/Middleware/TransformsRequest.php(21): Illuminate\\Pipeline\\Pipeline->Illuminate\\Pipeline\\{closure}()
#34 /home/u175197741/domains/malcolmcordova.com/public_html/citasmedicasv1/backend-api-citas/vendor/laravel/framework/src/Illuminate/Foundation/Http/Middleware/ConvertEmptyStringsToNull.php(31): Illuminate\\Foundation\\Http\\Middleware\\TransformsRequest->handle()
#35 /home/u175197741/domains/malcolmcordova.com/public_html/citasmedicasv1/backend-api-citas/vendor/laravel/framework/src/Illuminate/Pipeline/Pipeline.php(167): Illuminate\\Foundation\\Http\\Middleware\\ConvertEmptyStringsToNull->handle()
#36 /home/u175197741/domains/malcolmcordova.com/public_html/citasmedicasv1/backend-api-citas/vendor/laravel/framework/src/Illuminate/Foundation/Http/Middleware/TransformsRequest.php(21): Illuminate\\Pipeline\\Pipeline->Illuminate\\Pipeline\\{closure}()
#37 /home/u175197741/domains/malcolmcordova.com/public_html/citasmedicasv1/backend-api-citas/vendor/laravel/framework/src/Illuminate/Foundation/Http/Middleware/TrimStrings.php(40): Illuminate\\Foundation\\Http\\Middleware\\TransformsRequest->handle()
#38 /home/u175197741/domains/malcolmcordova.com/public_html/citasmedicasv1/backend-api-citas/vendor/laravel/framework/src/Illuminate/Pipeline/Pipeline.php(167): Illuminate\\Foundation\\Http\\Middleware\\TrimStrings->handle()
#39 /home/u175197741/domains/malcolmcordova.com/public_html/citasmedicasv1/backend-api-citas/vendor/laravel/framework/src/Illuminate/Foundation/Http/Middleware/ValidatePostSize.php(27): Illuminate\\Pipeline\\Pipeline->Illuminate\\Pipeline\\{closure}()
#40 /home/u175197741/domains/malcolmcordova.com/public_html/citasmedicasv1/backend-api-citas/vendor/laravel/framework/src/Illuminate/Pipeline/Pipeline.php(167): Illuminate\\Foundation\\Http\\Middleware\\ValidatePostSize->handle()
#41 /home/u175197741/domains/malcolmcordova.com/public_html/citasmedicasv1/backend-api-citas/vendor/laravel/framework/src/Illuminate/Foundation/Http/Middleware/PreventRequestsDuringMaintenance.php(86): Illuminate\\Pipeline\\Pipeline->Illuminate\\Pipeline\\{closure}()
#42 /home/u175197741/domains/malcolmcordova.com/public_html/citasmedicasv1/backend-api-citas/vendor/laravel/framework/src/Illuminate/Pipeline/Pipeline.php(167): Illuminate\\Foundation\\Http\\Middleware\\PreventRequestsDuringMaintenance->handle()
#43 /home/u175197741/domains/malcolmcordova.com/public_html/citasmedicasv1/backend-api-citas/vendor/fruitcake/laravel-cors/src/HandleCors.php(52): Illuminate\\Pipeline\\Pipeline->Illuminate\\Pipeline\\{closure}()
#44 /home/u175197741/domains/malcolmcordova.com/public_html/citasmedicasv1/backend-api-citas/vendor/laravel/framework/src/Illuminate/Pipeline/Pipeline.php(167): Fruitcake\\Cors\\HandleCors->handle()
#45 /home/u175197741/domains/malcolmcordova.com/public_html/citasmedicasv1/backend-api-citas/vendor/laravel/framework/src/Illuminate/Http/Middleware/TrustProxies.php(39): Illuminate\\Pipeline\\Pipeline->Illuminate\\Pipeline\\{closure}()
#46 /home/u175197741/domains/malcolmcordova.com/public_html/citasmedicasv1/backend-api-citas/vendor/laravel/framework/src/Illuminate/Pipeline/Pipeline.php(167): Illuminate\\Http\\Middleware\\TrustProxies->handle()
#47 /home/u175197741/domains/malcolmcordova.com/public_html/citasmedicasv1/backend-api-citas/vendor/laravel/framework/src/Illuminate/Pipeline/Pipeline.php(103): Illuminate\\Pipeline\\Pipeline->Illuminate\\Pipeline\\{closure}()
#48 /home/u175197741/domains/malcolmcordova.com/public_html/citasmedicasv1/backend-api-citas/vendor/laravel/framework/src/Illuminate/Foundation/Http/Kernel.php(142): Illuminate\\Pipeline\\Pipeline->then()
#49 /home/u175197741/domains/malcolmcordova.com/public_html/citasmedicasv1/backend-api-citas/vendor/laravel/framework/src/Illuminate/Foundation/Http/Kernel.php(111): Illuminate\\Foundation\\Http\\Kernel->sendRequestThroughRouter()
#50 /home/u175197741/domains/malcolmcordova.com/public_html/citasmedicasv1/backend-api-citas/public/index.php(51): Illuminate\\Foundation\\Http\\Kernel->handle()
#51 {main}
"} 
[2024-01-05 11:01:37] local.ERROR: compact(): Undefined variable $appointment {"userId":39,"exception":"[object] (ErrorException(code: 0): compact(): Undefined variable $appointment at /home/u175197741/domains/malcolmcordova.com/public_html/citasmedicasv1/backend-api-citas/app/Mail/RegisterAppointment.php:79)
[stacktrace]
#0 [internal function]: Illuminate\\Foundation\\Bootstrap\\HandleExceptions->handleError()
#1 /home/u175197741/domains/malcolmcordova.com/public_html/citasmedicasv1/backend-api-citas/app/Mail/RegisterAppointment.php(79): compact()
#2 /home/u175197741/domains/malcolmcordova.com/public_html/citasmedicasv1/backend-api-citas/vendor/laravel/framework/src/Illuminate/Container/BoundMethod.php(36): App\\Mail\\RegisterAppointment->build()
#3 /home/u175197741/domains/malcolmcordova.com/public_html/citasmedicasv1/backend-api-citas/vendor/laravel/framework/src/Illuminate/Container/Util.php(40): Illuminate\\Container\\BoundMethod::Illuminate\\Container\\{closure}()
#4 /home/u175197741/domains/malcolmcordova.com/public_html/citasmedicasv1/backend-api-citas/vendor/laravel/framework/src/Illuminate/Container/BoundMethod.php(93): Illuminate\\Container\\Util::unwrapIfClosure()
#5 /home/u175197741/domains/malcolmcordova.com/public_html/citasmedicasv1/backend-api-citas/vendor/laravel/framework/src/Illuminate/Container/BoundMethod.php(35): Illuminate\\Container\\BoundMethod::callBoundMethod()
#6 /home/u175197741/domains/malcolmcordova.com/public_html/citasmedicasv1/backend-api-citas/vendor/laravel/framework/src/Illuminate/Container/Container.php(653): Illuminate\\Container\\BoundMethod::call()
#7 /home/u175197741/domains/malcolmcordova.com/public_html/citasmedicasv1/backend-api-citas/vendor/laravel/framework/src/Illuminate/Mail/Mailable.php(175): Illuminate\\Container\\Container->call()
#8 /home/u175197741/domains/malcolmcordova.com/public_html/citasmedicasv1/backend-api-citas/vendor/laravel/framework/src/Illuminate/Support/Traits/Localizable.php(19): Illuminate\\Mail\\Mailable->Illuminate\\Mail\\{closure}()
#9 /home/u175197741/domains/malcolmcordova.com/public_html/citasmedicasv1/backend-api-citas/vendor/laravel/framework/src/Illuminate/Mail/Mailable.php(174): Illuminate\\Mail\\Mailable->withLocale()
#10 /home/u175197741/domains/malcolmcordova.com/public_html/citasmedicasv1/backend-api-citas/vendor/laravel/framework/src/Illuminate/Mail/Mailer.php(304): Illuminate\\Mail\\Mailable->send()
#11 /home/u175197741/domains/malcolmcordova.com/public_html/citasmedicasv1/backend-api-citas/vendor/laravel/framework/src/Illuminate/Mail/Mailer.php(258): Illuminate\\Mail\\Mailer->sendMailable()
#12 /home/u175197741/domains/malcolmcordova.com/public_html/citasmedicasv1/backend-api-citas/vendor/laravel/framework/src/Illuminate/Mail/PendingMail.php(124): Illuminate\\Mail\\Mailer->send()
#13 /home/u175197741/domains/malcolmcordova.com/public_html/citasmedicasv1/backend-api-citas/app/Http/Controllers/Appointment/AppointmentController.php(264): Illuminate\\Mail\\PendingMail->send()
#14 /home/u175197741/domains/malcolmcordova.com/public_html/citasmedicasv1/backend-api-citas/vendor/laravel/framework/src/Illuminate/Routing/Controller.php(54): App\\Http\\Controllers\\Appointment\\AppointmentController->store()
#15 /home/u175197741/domains/malcolmcordova.com/public_html/citasmedicasv1/backend-api-citas/vendor/laravel/framework/src/Illuminate/Routing/ControllerDispatcher.php(45): Illuminate\\Routing\\Controller->callAction()
#16 /home/u175197741/domains/malcolmcordova.com/public_html/citasmedicasv1/backend-api-citas/vendor/laravel/framework/src/Illuminate/Routing/Route.php(261): Illuminate\\Routing\\ControllerDispatcher->dispatch()
#17 /home/u175197741/domains/malcolmcordova.com/public_html/citasmedicasv1/backend-api-citas/vendor/laravel/framework/src/Illuminate/Routing/Route.php(205): Illuminate\\Routing\\Route->runController()
#18 /home/u175197741/domains/malcolmcordova.com/public_html/citasmedicasv1/backend-api-citas/vendor/laravel/framework/src/Illuminate/Routing/Router.php(721): Illuminate\\Routing\\Route->run()
#19 /home/u175197741/domains/malcolmcordova.com/public_html/citasmedicasv1/backend-api-citas/vendor/laravel/framework/src/Illuminate/Pipeline/Pipeline.php(128): Illuminate\\Routing\\Router->Illuminate\\Routing\\{closure}()
#20 /home/u175197741/domains/malcolmcordova.com/public_html/citasmedicasv1/backend-api-citas/vendor/laravel/framework/src/Illuminate/Routing/Middleware/SubstituteBindings.php(50): Illuminate\\Pipeline\\Pipeline->Illuminate\\Pipeline\\{closure}()
#21 /home/u175197741/domains/malcolmcordova.com/public_html/citasmedicasv1/backend-api-citas/vendor/laravel/framework/src/Illuminate/Pipeline/Pipeline.php(167): Illuminate\\Routing\\Middleware\\SubstituteBindings->handle()
#22 /home/u175197741/domains/malcolmcordova.com/public_html/citasmedicasv1/backend-api-citas/vendor/laravel/framework/src/Illuminate/Routing/Middleware/ThrottleRequests.php(127): Illuminate\\Pipeline\\Pipeline->Illuminate\\Pipeline\\{closure}()
#23 /home/u175197741/domains/malcolmcordova.com/public_html/citasmedicasv1/backend-api-citas/vendor/laravel/framework/src/Illuminate/Routing/Middleware/ThrottleRequests.php(93): Illuminate\\Routing\\Middleware\\ThrottleRequests->handleRequest()
#24 /home/u175197741/domains/malcolmcordova.com/public_html/citasmedicasv1/backend-api-citas/vendor/laravel/framework/src/Illuminate/Routing/Middleware/ThrottleRequests.php(55): Illuminate\\Routing\\Middleware\\ThrottleRequests->handleRequestUsingNamedLimiter()
#25 /home/u175197741/domains/malcolmcordova.com/public_html/citasmedicasv1/backend-api-citas/vendor/laravel/framework/src/Illuminate/Pipeline/Pipeline.php(167): Illuminate\\Routing\\Middleware\\ThrottleRequests->handle()
#26 /home/u175197741/domains/malcolmcordova.com/public_html/citasmedicasv1/backend-api-citas/vendor/laravel/framework/src/Illuminate/Pipeline/Pipeline.php(103): Illuminate\\Pipeline\\Pipeline->Illuminate\\Pipeline\\{closure}()
#27 /home/u175197741/domains/malcolmcordova.com/public_html/citasmedicasv1/backend-api-citas/vendor/laravel/framework/src/Illuminate/Routing/Router.php(719): Illuminate\\Pipeline\\Pipeline->then()
#28 /home/u175197741/domains/malcolmcordova.com/public_html/citasmedicasv1/backend-api-citas/vendor/laravel/framework/src/Illuminate/Routing/Router.php(698): Illuminate\\Routing\\Router->runRouteWithinStack()
#29 /home/u175197741/domains/malcolmcordova.com/public_html/citasmedicasv1/backend-api-citas/vendor/laravel/framework/src/Illuminate/Routing/Router.php(662): Illuminate\\Routing\\Router->runRoute()
#30 /home/u175197741/domains/malcolmcordova.com/public_html/citasmedicasv1/backend-api-citas/vendor/laravel/framework/src/Illuminate/Routing/Router.php(651): Illuminate\\Routing\\Router->dispatchToRoute()
#31 /home/u175197741/domains/malcolmcordova.com/public_html/citasmedicasv1/backend-api-citas/vendor/laravel/framework/src/Illuminate/Foundation/Http/Kernel.php(167): Illuminate\\Routing\\Router->dispatch()
#32 /home/u175197741/domains/malcolmcordova.com/public_html/citasmedicasv1/backend-api-citas/vendor/laravel/framework/src/Illuminate/Pipeline/Pipeline.php(128): Illuminate\\Foundation\\Http\\Kernel->Illuminate\\Foundation\\Http\\{closure}()
#33 /home/u175197741/domains/malcolmcordova.com/public_html/citasmedicasv1/backend-api-citas/vendor/laravel/framework/src/Illuminate/Foundation/Http/Middleware/TransformsRequest.php(21): Illuminate\\Pipeline\\Pipeline->Illuminate\\Pipeline\\{closure}()
#34 /home/u175197741/domains/malcolmcordova.com/public_html/citasmedicasv1/backend-api-citas/vendor/laravel/framework/src/Illuminate/Foundation/Http/Middleware/ConvertEmptyStringsToNull.php(31): Illuminate\\Foundation\\Http\\Middleware\\TransformsRequest->handle()
#35 /home/u175197741/domains/malcolmcordova.com/public_html/citasmedicasv1/backend-api-citas/vendor/laravel/framework/src/Illuminate/Pipeline/Pipeline.php(167): Illuminate\\Foundation\\Http\\Middleware\\ConvertEmptyStringsToNull->handle()
#36 /home/u175197741/domains/malcolmcordova.com/public_html/citasmedicasv1/backend-api-citas/vendor/laravel/framework/src/Illuminate/Foundation/Http/Middleware/TransformsRequest.php(21): Illuminate\\Pipeline\\Pipeline->Illuminate\\Pipeline\\{closure}()
#37 /home/u175197741/domains/malcolmcordova.com/public_html/citasmedicasv1/backend-api-citas/vendor/laravel/framework/src/Illuminate/Foundation/Http/Middleware/TrimStrings.php(40): Illuminate\\Foundation\\Http\\Middleware\\TransformsRequest->handle()
#38 /home/u175197741/domains/malcolmcordova.com/public_html/citasmedicasv1/backend-api-citas/vendor/laravel/framework/src/Illuminate/Pipeline/Pipeline.php(167): Illuminate\\Foundation\\Http\\Middleware\\TrimStrings->handle()
#39 /home/u175197741/domains/malcolmcordova.com/public_html/citasmedicasv1/backend-api-citas/vendor/laravel/framework/src/Illuminate/Foundation/Http/Middleware/ValidatePostSize.php(27): Illuminate\\Pipeline\\Pipeline->Illuminate\\Pipeline\\{closure}()
#40 /home/u175197741/domains/malcolmcordova.com/public_html/citasmedicasv1/backend-api-citas/vendor/laravel/framework/src/Illuminate/Pipeline/Pipeline.php(167): Illuminate\\Foundation\\Http\\Middleware\\ValidatePostSize->handle()
#41 /home/u175197741/domains/malcolmcordova.com/public_html/citasmedicasv1/backend-api-citas/vendor/laravel/framework/src/Illuminate/Foundation/Http/Middleware/PreventRequestsDuringMaintenance.php(86): Illuminate\\Pipeline\\Pipeline->Illuminate\\Pipeline\\{closure}()
#42 /home/u175197741/domains/malcolmcordova.com/public_html/citasmedicasv1/backend-api-citas/vendor/laravel/framework/src/Illuminate/Pipeline/Pipeline.php(167): Illuminate\\Foundation\\Http\\Middleware\\PreventRequestsDuringMaintenance->handle()
#43 /home/u175197741/domains/malcolmcordova.com/public_html/citasmedicasv1/backend-api-citas/vendor/fruitcake/laravel-cors/src/HandleCors.php(52): Illuminate\\Pipeline\\Pipeline->Illuminate\\Pipeline\\{closure}()
#44 /home/u175197741/domains/malcolmcordova.com/public_html/citasmedicasv1/backend-api-citas/vendor/laravel/framework/src/Illuminate/Pipeline/Pipeline.php(167): Fruitcake\\Cors\\HandleCors->handle()
#45 /home/u175197741/domains/malcolmcordova.com/public_html/citasmedicasv1/backend-api-citas/vendor/laravel/framework/src/Illuminate/Http/Middleware/TrustProxies.php(39): Illuminate\\Pipeline\\Pipeline->Illuminate\\Pipeline\\{closure}()
#46 /home/u175197741/domains/malcolmcordova.com/public_html/citasmedicasv1/backend-api-citas/vendor/laravel/framework/src/Illuminate/Pipeline/Pipeline.php(167): Illuminate\\Http\\Middleware\\TrustProxies->handle()
#47 /home/u175197741/domains/malcolmcordova.com/public_html/citasmedicasv1/backend-api-citas/vendor/laravel/framework/src/Illuminate/Pipeline/Pipeline.php(103): Illuminate\\Pipeline\\Pipeline->Illuminate\\Pipeline\\{closure}()
#48 /home/u175197741/domains/malcolmcordova.com/public_html/citasmedicasv1/backend-api-citas/vendor/laravel/framework/src/Illuminate/Foundation/Http/Kernel.php(142): Illuminate\\Pipeline\\Pipeline->then()
#49 /home/u175197741/domains/malcolmcordova.com/public_html/citasmedicasv1/backend-api-citas/vendor/laravel/framework/src/Illuminate/Foundation/Http/Kernel.php(111): Illuminate\\Foundation\\Http\\Kernel->sendRequestThroughRouter()
#50 /home/u175197741/domains/malcolmcordova.com/public_html/citasmedicasv1/backend-api-citas/public/index.php(51): Illuminate\\Foundation\\Http\\Kernel->handle()
#51 {main}
"} 
[2024-01-05 11:02:05] local.ERROR: compact(): Undefined variable $appointment {"userId":39,"exception":"[object] (ErrorException(code: 0): compact(): Undefined variable $appointment at /home/u175197741/domains/malcolmcordova.com/public_html/citasmedicasv1/backend-api-citas/app/Mail/RegisterAppointment.php:79)
[stacktrace]
#0 [internal function]: Illuminate\\Foundation\\Bootstrap\\HandleExceptions->handleError()
#1 /home/u175197741/domains/malcolmcordova.com/public_html/citasmedicasv1/backend-api-citas/app/Mail/RegisterAppointment.php(79): compact()
#2 /home/u175197741/domains/malcolmcordova.com/public_html/citasmedicasv1/backend-api-citas/vendor/laravel/framework/src/Illuminate/Container/BoundMethod.php(36): App\\Mail\\RegisterAppointment->build()
#3 /home/u175197741/domains/malcolmcordova.com/public_html/citasmedicasv1/backend-api-citas/vendor/laravel/framework/src/Illuminate/Container/Util.php(40): Illuminate\\Container\\BoundMethod::Illuminate\\Container\\{closure}()
#4 /home/u175197741/domains/malcolmcordova.com/public_html/citasmedicasv1/backend-api-citas/vendor/laravel/framework/src/Illuminate/Container/BoundMethod.php(93): Illuminate\\Container\\Util::unwrapIfClosure()
#5 /home/u175197741/domains/malcolmcordova.com/public_html/citasmedicasv1/backend-api-citas/vendor/laravel/framework/src/Illuminate/Container/BoundMethod.php(35): Illuminate\\Container\\BoundMethod::callBoundMethod()
#6 /home/u175197741/domains/malcolmcordova.com/public_html/citasmedicasv1/backend-api-citas/vendor/laravel/framework/src/Illuminate/Container/Container.php(653): Illuminate\\Container\\BoundMethod::call()
#7 /home/u175197741/domains/malcolmcordova.com/public_html/citasmedicasv1/backend-api-citas/vendor/laravel/framework/src/Illuminate/Mail/Mailable.php(175): Illuminate\\Container\\Container->call()
#8 /home/u175197741/domains/malcolmcordova.com/public_html/citasmedicasv1/backend-api-citas/vendor/laravel/framework/src/Illuminate/Support/Traits/Localizable.php(19): Illuminate\\Mail\\Mailable->Illuminate\\Mail\\{closure}()
#9 /home/u175197741/domains/malcolmcordova.com/public_html/citasmedicasv1/backend-api-citas/vendor/laravel/framework/src/Illuminate/Mail/Mailable.php(174): Illuminate\\Mail\\Mailable->withLocale()
#10 /home/u175197741/domains/malcolmcordova.com/public_html/citasmedicasv1/backend-api-citas/vendor/laravel/framework/src/Illuminate/Mail/Mailer.php(304): Illuminate\\Mail\\Mailable->send()
#11 /home/u175197741/domains/malcolmcordova.com/public_html/citasmedicasv1/backend-api-citas/vendor/laravel/framework/src/Illuminate/Mail/Mailer.php(258): Illuminate\\Mail\\Mailer->sendMailable()
#12 /home/u175197741/domains/malcolmcordova.com/public_html/citasmedicasv1/backend-api-citas/vendor/laravel/framework/src/Illuminate/Mail/PendingMail.php(124): Illuminate\\Mail\\Mailer->send()
#13 /home/u175197741/domains/malcolmcordova.com/public_html/citasmedicasv1/backend-api-citas/app/Http/Controllers/Appointment/AppointmentController.php(264): Illuminate\\Mail\\PendingMail->send()
#14 /home/u175197741/domains/malcolmcordova.com/public_html/citasmedicasv1/backend-api-citas/vendor/laravel/framework/src/Illuminate/Routing/Controller.php(54): App\\Http\\Controllers\\Appointment\\AppointmentController->store()
#15 /home/u175197741/domains/malcolmcordova.com/public_html/citasmedicasv1/backend-api-citas/vendor/laravel/framework/src/Illuminate/Routing/ControllerDispatcher.php(45): Illuminate\\Routing\\Controller->callAction()
#16 /home/u175197741/domains/malcolmcordova.com/public_html/citasmedicasv1/backend-api-citas/vendor/laravel/framework/src/Illuminate/Routing/Route.php(261): Illuminate\\Routing\\ControllerDispatcher->dispatch()
#17 /home/u175197741/domains/malcolmcordova.com/public_html/citasmedicasv1/backend-api-citas/vendor/laravel/framework/src/Illuminate/Routing/Route.php(205): Illuminate\\Routing\\Route->runController()
#18 /home/u175197741/domains/malcolmcordova.com/public_html/citasmedicasv1/backend-api-citas/vendor/laravel/framework/src/Illuminate/Routing/Router.php(721): Illuminate\\Routing\\Route->run()
#19 /home/u175197741/domains/malcolmcordova.com/public_html/citasmedicasv1/backend-api-citas/vendor/laravel/framework/src/Illuminate/Pipeline/Pipeline.php(128): Illuminate\\Routing\\Router->Illuminate\\Routing\\{closure}()
#20 /home/u175197741/domains/malcolmcordova.com/public_html/citasmedicasv1/backend-api-citas/vendor/laravel/framework/src/Illuminate/Routing/Middleware/SubstituteBindings.php(50): Illuminate\\Pipeline\\Pipeline->Illuminate\\Pipeline\\{closure}()
#21 /home/u175197741/domains/malcolmcordova.com/public_html/citasmedicasv1/backend-api-citas/vendor/laravel/framework/src/Illuminate/Pipeline/Pipeline.php(167): Illuminate\\Routing\\Middleware\\SubstituteBindings->handle()
#22 /home/u175197741/domains/malcolmcordova.com/public_html/citasmedicasv1/backend-api-citas/vendor/laravel/framework/src/Illuminate/Routing/Middleware/ThrottleRequests.php(127): Illuminate\\Pipeline\\Pipeline->Illuminate\\Pipeline\\{closure}()
#23 /home/u175197741/domains/malcolmcordova.com/public_html/citasmedicasv1/backend-api-citas/vendor/laravel/framework/src/Illuminate/Routing/Middleware/ThrottleRequests.php(93): Illuminate\\Routing\\Middleware\\ThrottleRequests->handleRequest()
#24 /home/u175197741/domains/malcolmcordova.com/public_html/citasmedicasv1/backend-api-citas/vendor/laravel/framework/src/Illuminate/Routing/Middleware/ThrottleRequests.php(55): Illuminate\\Routing\\Middleware\\ThrottleRequests->handleRequestUsingNamedLimiter()
#25 /home/u175197741/domains/malcolmcordova.com/public_html/citasmedicasv1/backend-api-citas/vendor/laravel/framework/src/Illuminate/Pipeline/Pipeline.php(167): Illuminate\\Routing\\Middleware\\ThrottleRequests->handle()
#26 /home/u175197741/domains/malcolmcordova.com/public_html/citasmedicasv1/backend-api-citas/vendor/laravel/framework/src/Illuminate/Pipeline/Pipeline.php(103): Illuminate\\Pipeline\\Pipeline->Illuminate\\Pipeline\\{closure}()
#27 /home/u175197741/domains/malcolmcordova.com/public_html/citasmedicasv1/backend-api-citas/vendor/laravel/framework/src/Illuminate/Routing/Router.php(719): Illuminate\\Pipeline\\Pipeline->then()
#28 /home/u175197741/domains/malcolmcordova.com/public_html/citasmedicasv1/backend-api-citas/vendor/laravel/framework/src/Illuminate/Routing/Router.php(698): Illuminate\\Routing\\Router->runRouteWithinStack()
#29 /home/u175197741/domains/malcolmcordova.com/public_html/citasmedicasv1/backend-api-citas/vendor/laravel/framework/src/Illuminate/Routing/Router.php(662): Illuminate\\Routing\\Router->runRoute()
#30 /home/u175197741/domains/malcolmcordova.com/public_html/citasmedicasv1/backend-api-citas/vendor/laravel/framework/src/Illuminate/Routing/Router.php(651): Illuminate\\Routing\\Router->dispatchToRoute()
#31 /home/u175197741/domains/malcolmcordova.com/public_html/citasmedicasv1/backend-api-citas/vendor/laravel/framework/src/Illuminate/Foundation/Http/Kernel.php(167): Illuminate\\Routing\\Router->dispatch()
#32 /home/u175197741/domains/malcolmcordova.com/public_html/citasmedicasv1/backend-api-citas/vendor/laravel/framework/src/Illuminate/Pipeline/Pipeline.php(128): Illuminate\\Foundation\\Http\\Kernel->Illuminate\\Foundation\\Http\\{closure}()
#33 /home/u175197741/domains/malcolmcordova.com/public_html/citasmedicasv1/backend-api-citas/vendor/laravel/framework/src/Illuminate/Foundation/Http/Middleware/TransformsRequest.php(21): Illuminate\\Pipeline\\Pipeline->Illuminate\\Pipeline\\{closure}()
#34 /home/u175197741/domains/malcolmcordova.com/public_html/citasmedicasv1/backend-api-citas/vendor/laravel/framework/src/Illuminate/Foundation/Http/Middleware/ConvertEmptyStringsToNull.php(31): Illuminate\\Foundation\\Http\\Middleware\\TransformsRequest->handle()
#35 /home/u175197741/domains/malcolmcordova.com/public_html/citasmedicasv1/backend-api-citas/vendor/laravel/framework/src/Illuminate/Pipeline/Pipeline.php(167): Illuminate\\Foundation\\Http\\Middleware\\ConvertEmptyStringsToNull->handle()
#36 /home/u175197741/domains/malcolmcordova.com/public_html/citasmedicasv1/backend-api-citas/vendor/laravel/framework/src/Illuminate/Foundation/Http/Middleware/TransformsRequest.php(21): Illuminate\\Pipeline\\Pipeline->Illuminate\\Pipeline\\{closure}()
#37 /home/u175197741/domains/malcolmcordova.com/public_html/citasmedicasv1/backend-api-citas/vendor/laravel/framework/src/Illuminate/Foundation/Http/Middleware/TrimStrings.php(40): Illuminate\\Foundation\\Http\\Middleware\\TransformsRequest->handle()
#38 /home/u175197741/domains/malcolmcordova.com/public_html/citasmedicasv1/backend-api-citas/vendor/laravel/framework/src/Illuminate/Pipeline/Pipeline.php(167): Illuminate\\Foundation\\Http\\Middleware\\TrimStrings->handle()
#39 /home/u175197741/domains/malcolmcordova.com/public_html/citasmedicasv1/backend-api-citas/vendor/laravel/framework/src/Illuminate/Foundation/Http/Middleware/ValidatePostSize.php(27): Illuminate\\Pipeline\\Pipeline->Illuminate\\Pipeline\\{closure}()
#40 /home/u175197741/domains/malcolmcordova.com/public_html/citasmedicasv1/backend-api-citas/vendor/laravel/framework/src/Illuminate/Pipeline/Pipeline.php(167): Illuminate\\Foundation\\Http\\Middleware\\ValidatePostSize->handle()
#41 /home/u175197741/domains/malcolmcordova.com/public_html/citasmedicasv1/backend-api-citas/vendor/laravel/framework/src/Illuminate/Foundation/Http/Middleware/PreventRequestsDuringMaintenance.php(86): Illuminate\\Pipeline\\Pipeline->Illuminate\\Pipeline\\{closure}()
#42 /home/u175197741/domains/malcolmcordova.com/public_html/citasmedicasv1/backend-api-citas/vendor/laravel/framework/src/Illuminate/Pipeline/Pipeline.php(167): Illuminate\\Foundation\\Http\\Middleware\\PreventRequestsDuringMaintenance->handle()
#43 /home/u175197741/domains/malcolmcordova.com/public_html/citasmedicasv1/backend-api-citas/vendor/fruitcake/laravel-cors/src/HandleCors.php(52): Illuminate\\Pipeline\\Pipeline->Illuminate\\Pipeline\\{closure}()
#44 /home/u175197741/domains/malcolmcordova.com/public_html/citasmedicasv1/backend-api-citas/vendor/laravel/framework/src/Illuminate/Pipeline/Pipeline.php(167): Fruitcake\\Cors\\HandleCors->handle()
#45 /home/u175197741/domains/malcolmcordova.com/public_html/citasmedicasv1/backend-api-citas/vendor/laravel/framework/src/Illuminate/Http/Middleware/TrustProxies.php(39): Illuminate\\Pipeline\\Pipeline->Illuminate\\Pipeline\\{closure}()
#46 /home/u175197741/domains/malcolmcordova.com/public_html/citasmedicasv1/backend-api-citas/vendor/laravel/framework/src/Illuminate/Pipeline/Pipeline.php(167): Illuminate\\Http\\Middleware\\TrustProxies->handle()
#47 /home/u175197741/domains/malcolmcordova.com/public_html/citasmedicasv1/backend-api-citas/vendor/laravel/framework/src/Illuminate/Pipeline/Pipeline.php(103): Illuminate\\Pipeline\\Pipeline->Illuminate\\Pipeline\\{closure}()
#48 /home/u175197741/domains/malcolmcordova.com/public_html/citasmedicasv1/backend-api-citas/vendor/laravel/framework/src/Illuminate/Foundation/Http/Kernel.php(142): Illuminate\\Pipeline\\Pipeline->then()
#49 /home/u175197741/domains/malcolmcordova.com/public_html/citasmedicasv1/backend-api-citas/vendor/laravel/framework/src/Illuminate/Foundation/Http/Kernel.php(111): Illuminate\\Foundation\\Http\\Kernel->sendRequestThroughRouter()
#50 /home/u175197741/domains/malcolmcordova.com/public_html/citasmedicasv1/backend-api-citas/public/index.php(51): Illuminate\\Foundation\\Http\\Kernel->handle()
#51 {main}
"} 
