[2024-01-07 19:49:53] local.ERROR: Undefined variable $doctor {"exception":"[object] (ErrorException(code: 0): Undefined variable $doctor at /Volumes/ARCHIVOS/Prototypes/citasMedicasV1/backend-api-citas/app/Http/Controllers/Appointment/AppointmentController.php:250)
[stacktrace]
#0 /Volumes/ARCHIVOS/Prototypes/citasMedicasV1/backend-api-citas/app/Http/Controllers/Appointment/AppointmentController.php(250): Illuminate\\Foundation\\Bootstrap\\HandleExceptions->handleError(2, 'Undefined varia...', '/Volumes/ARCHIV...', 250)
#1 /Volumes/ARCHIVOS/Prototypes/citasMedicasV1/backend-api-citas/vendor/laravel/framework/src/Illuminate/Routing/Controller.php(54): App\\Http\\Controllers\\Appointment\\AppointmentController->store(Object(Illuminate\\Http\\Request))
#2 /Volumes/ARCHIVOS/Prototypes/citasMedicasV1/backend-api-citas/vendor/laravel/framework/src/Illuminate/Routing/ControllerDispatcher.php(45): Illuminate\\Routing\\Controller->callAction('store', Array)
#3 /Volumes/ARCHIVOS/Prototypes/citasMedicasV1/backend-api-citas/vendor/laravel/framework/src/Illuminate/Routing/Route.php(261): Illuminate\\Routing\\ControllerDispatcher->dispatch(Object(Illuminate\\Routing\\Route), Object(App\\Http\\Controllers\\Appointment\\AppointmentController), 'store')
#4 /Volumes/ARCHIVOS/Prototypes/citasMedicasV1/backend-api-citas/vendor/laravel/framework/src/Illuminate/Routing/Route.php(205): Illuminate\\Routing\\Route->runController()
#5 /Volumes/ARCHIVOS/Prototypes/citasMedicasV1/backend-api-citas/vendor/laravel/framework/src/Illuminate/Routing/Router.php(721): Illuminate\\Routing\\Route->run()
#6 /Volumes/ARCHIVOS/Prototypes/citasMedicasV1/backend-api-citas/vendor/laravel/framework/src/Illuminate/Pipeline/Pipeline.php(128): Illuminate\\Routing\\Router->Illuminate\\Routing\\{closure}(Object(Illuminate\\Http\\Request))
#7 /Volumes/ARCHIVOS/Prototypes/citasMedicasV1/backend-api-citas/vendor/laravel/framework/src/Illuminate/Routing/Middleware/SubstituteBindings.php(50): Illuminate\\Pipeline\\Pipeline->Illuminate\\Pipeline\\{closure}(Object(Illuminate\\Http\\Request))
#8 /Volumes/ARCHIVOS/Prototypes/citasMedicasV1/backend-api-citas/vendor/laravel/framework/src/Illuminate/Pipeline/Pipeline.php(167): Illuminate\\Routing\\Middleware\\SubstituteBindings->handle(Object(Illuminate\\Http\\Request), Object(Closure))
#9 /Volumes/ARCHIVOS/Prototypes/citasMedicasV1/backend-api-citas/vendor/laravel/framework/src/Illuminate/Routing/Middleware/ThrottleRequests.php(127): Illuminate\\Pipeline\\Pipeline->Illuminate\\Pipeline\\{closure}(Object(Illuminate\\Http\\Request))
#10 /Volumes/ARCHIVOS/Prototypes/citasMedicasV1/backend-api-citas/vendor/laravel/framework/src/Illuminate/Routing/Middleware/ThrottleRequests.php(93): Illuminate\\Routing\\Middleware\\ThrottleRequests->handleRequest(Object(Illuminate\\Http\\Request), Object(Closure), Array)
#11 /Volumes/ARCHIVOS/Prototypes/citasMedicasV1/backend-api-citas/vendor/laravel/framework/src/Illuminate/Routing/Middleware/ThrottleRequests.php(55): Illuminate\\Routing\\Middleware\\ThrottleRequests->handleRequestUsingNamedLimiter(Object(Illuminate\\Http\\Request), Object(Closure), 'api', Object(Closure))
#12 /Volumes/ARCHIVOS/Prototypes/citasMedicasV1/backend-api-citas/vendor/laravel/framework/src/Illuminate/Pipeline/Pipeline.php(167): Illuminate\\Routing\\Middleware\\ThrottleRequests->handle(Object(Illuminate\\Http\\Request), Object(Closure), 'api')
#13 /Volumes/ARCHIVOS/Prototypes/citasMedicasV1/backend-api-citas/vendor/laravel/framework/src/Illuminate/Pipeline/Pipeline.php(103): Illuminate\\Pipeline\\Pipeline->Illuminate\\Pipeline\\{closure}(Object(Illuminate\\Http\\Request))
#14 /Volumes/ARCHIVOS/Prototypes/citasMedicasV1/backend-api-citas/vendor/laravel/framework/src/Illuminate/Routing/Router.php(719): Illuminate\\Pipeline\\Pipeline->then(Object(Closure))
#15 /Volumes/ARCHIVOS/Prototypes/citasMedicasV1/backend-api-citas/vendor/laravel/framework/src/Illuminate/Routing/Router.php(698): Illuminate\\Routing\\Router->runRouteWithinStack(Object(Illuminate\\Routing\\Route), Object(Illuminate\\Http\\Request))
#16 /Volumes/ARCHIVOS/Prototypes/citasMedicasV1/backend-api-citas/vendor/laravel/framework/src/Illuminate/Routing/Router.php(662): Illuminate\\Routing\\Router->runRoute(Object(Illuminate\\Http\\Request), Object(Illuminate\\Routing\\Route))
#17 /Volumes/ARCHIVOS/Prototypes/citasMedicasV1/backend-api-citas/vendor/laravel/framework/src/Illuminate/Routing/Router.php(651): Illuminate\\Routing\\Router->dispatchToRoute(Object(Illuminate\\Http\\Request))
#18 /Volumes/ARCHIVOS/Prototypes/citasMedicasV1/backend-api-citas/vendor/laravel/framework/src/Illuminate/Foundation/Http/Kernel.php(167): Illuminate\\Routing\\Router->dispatch(Object(Illuminate\\Http\\Request))
#19 /Volumes/ARCHIVOS/Prototypes/citasMedicasV1/backend-api-citas/vendor/laravel/framework/src/Illuminate/Pipeline/Pipeline.php(128): Illuminate\\Foundation\\Http\\Kernel->Illuminate\\Foundation\\Http\\{closure}(Object(Illuminate\\Http\\Request))
#20 /Volumes/ARCHIVOS/Prototypes/citasMedicasV1/backend-api-citas/vendor/laravel/framework/src/Illuminate/Foundation/Http/Middleware/TransformsRequest.php(21): Illuminate\\Pipeline\\Pipeline->Illuminate\\Pipeline\\{closure}(Object(Illuminate\\Http\\Request))
#21 /Volumes/ARCHIVOS/Prototypes/citasMedicasV1/backend-api-citas/vendor/laravel/framework/src/Illuminate/Foundation/Http/Middleware/ConvertEmptyStringsToNull.php(31): Illuminate\\Foundation\\Http\\Middleware\\TransformsRequest->handle(Object(Illuminate\\Http\\Request), Object(Closure))
#22 /Volumes/ARCHIVOS/Prototypes/citasMedicasV1/backend-api-citas/vendor/laravel/framework/src/Illuminate/Pipeline/Pipeline.php(167): Illuminate\\Foundation\\Http\\Middleware\\ConvertEmptyStringsToNull->handle(Object(Illuminate\\Http\\Request), Object(Closure))
#23 /Volumes/ARCHIVOS/Prototypes/citasMedicasV1/backend-api-citas/vendor/laravel/framework/src/Illuminate/Foundation/Http/Middleware/TransformsRequest.php(21): Illuminate\\Pipeline\\Pipeline->Illuminate\\Pipeline\\{closure}(Object(Illuminate\\Http\\Request))
#24 /Volumes/ARCHIVOS/Prototypes/citasMedicasV1/backend-api-citas/vendor/laravel/framework/src/Illuminate/Foundation/Http/Middleware/TrimStrings.php(40): Illuminate\\Foundation\\Http\\Middleware\\TransformsRequest->handle(Object(Illuminate\\Http\\Request), Object(Closure))
#25 /Volumes/ARCHIVOS/Prototypes/citasMedicasV1/backend-api-citas/vendor/laravel/framework/src/Illuminate/Pipeline/Pipeline.php(167): Illuminate\\Foundation\\Http\\Middleware\\TrimStrings->handle(Object(Illuminate\\Http\\Request), Object(Closure))
#26 /Volumes/ARCHIVOS/Prototypes/citasMedicasV1/backend-api-citas/vendor/laravel/framework/src/Illuminate/Foundation/Http/Middleware/ValidatePostSize.php(27): Illuminate\\Pipeline\\Pipeline->Illuminate\\Pipeline\\{closure}(Object(Illuminate\\Http\\Request))
#27 /Volumes/ARCHIVOS/Prototypes/citasMedicasV1/backend-api-citas/vendor/laravel/framework/src/Illuminate/Pipeline/Pipeline.php(167): Illuminate\\Foundation\\Http\\Middleware\\ValidatePostSize->handle(Object(Illuminate\\Http\\Request), Object(Closure))
#28 /Volumes/ARCHIVOS/Prototypes/citasMedicasV1/backend-api-citas/vendor/laravel/framework/src/Illuminate/Foundation/Http/Middleware/PreventRequestsDuringMaintenance.php(86): Illuminate\\Pipeline\\Pipeline->Illuminate\\Pipeline\\{closure}(Object(Illuminate\\Http\\Request))
#29 /Volumes/ARCHIVOS/Prototypes/citasMedicasV1/backend-api-citas/vendor/laravel/framework/src/Illuminate/Pipeline/Pipeline.php(167): Illuminate\\Foundation\\Http\\Middleware\\PreventRequestsDuringMaintenance->handle(Object(Illuminate\\Http\\Request), Object(Closure))
#30 /Volumes/ARCHIVOS/Prototypes/citasMedicasV1/backend-api-citas/vendor/fruitcake/laravel-cors/src/HandleCors.php(52): Illuminate\\Pipeline\\Pipeline->Illuminate\\Pipeline\\{closure}(Object(Illuminate\\Http\\Request))
#31 /Volumes/ARCHIVOS/Prototypes/citasMedicasV1/backend-api-citas/vendor/laravel/framework/src/Illuminate/Pipeline/Pipeline.php(167): Fruitcake\\Cors\\HandleCors->handle(Object(Illuminate\\Http\\Request), Object(Closure))
#32 /Volumes/ARCHIVOS/Prototypes/citasMedicasV1/backend-api-citas/vendor/laravel/framework/src/Illuminate/Http/Middleware/TrustProxies.php(39): Illuminate\\Pipeline\\Pipeline->Illuminate\\Pipeline\\{closure}(Object(Illuminate\\Http\\Request))
#33 /Volumes/ARCHIVOS/Prototypes/citasMedicasV1/backend-api-citas/vendor/laravel/framework/src/Illuminate/Pipeline/Pipeline.php(167): Illuminate\\Http\\Middleware\\TrustProxies->handle(Object(Illuminate\\Http\\Request), Object(Closure))
#34 /Volumes/ARCHIVOS/Prototypes/citasMedicasV1/backend-api-citas/vendor/laravel/framework/src/Illuminate/Pipeline/Pipeline.php(103): Illuminate\\Pipeline\\Pipeline->Illuminate\\Pipeline\\{closure}(Object(Illuminate\\Http\\Request))
#35 /Volumes/ARCHIVOS/Prototypes/citasMedicasV1/backend-api-citas/vendor/laravel/framework/src/Illuminate/Foundation/Http/Kernel.php(142): Illuminate\\Pipeline\\Pipeline->then(Object(Closure))
#36 /Volumes/ARCHIVOS/Prototypes/citasMedicasV1/backend-api-citas/vendor/laravel/framework/src/Illuminate/Foundation/Http/Kernel.php(111): Illuminate\\Foundation\\Http\\Kernel->sendRequestThroughRouter(Object(Illuminate\\Http\\Request))
#37 /Volumes/ARCHIVOS/Prototypes/citasMedicasV1/backend-api-citas/public/index.php(51): Illuminate\\Foundation\\Http\\Kernel->handle(Object(Illuminate\\Http\\Request))
#38 /Volumes/ARCHIVOS/Prototypes/citasMedicasV1/backend-api-citas/server.php(21): require_once('/Volumes/ARCHIV...')
#39 {main}
"} 
[2024-01-07 15:50:54] local.ERROR: Address in mailbox given [] does not comply with RFC 2822, 3.6.2. {"exception":"[object] (Swift_RfcComplianceException(code: 0): Address in mailbox given [] does not comply with RFC 2822, 3.6.2. at /Volumes/ARCHIVOS/Prototypes/citasMedicasV1/backend-api-citas/vendor/swiftmailer/swiftmailer/lib/classes/Swift/Mime/Headers/MailboxHeader.php:355)
[stacktrace]
#0 /Volumes/ARCHIVOS/Prototypes/citasMedicasV1/backend-api-citas/vendor/swiftmailer/swiftmailer/lib/classes/Swift/Mime/Headers/MailboxHeader.php(272): Swift_Mime_Headers_MailboxHeader->assertValidAddress('')
#1 /Volumes/ARCHIVOS/Prototypes/citasMedicasV1/backend-api-citas/vendor/swiftmailer/swiftmailer/lib/classes/Swift/Mime/Headers/MailboxHeader.php(117): Swift_Mime_Headers_MailboxHeader->normalizeMailboxes(Array)
#2 /Volumes/ARCHIVOS/Prototypes/citasMedicasV1/backend-api-citas/vendor/swiftmailer/swiftmailer/lib/classes/Swift/Mime/Headers/MailboxHeader.php(74): Swift_Mime_Headers_MailboxHeader->setNameAddresses(Array)
#3 /Volumes/ARCHIVOS/Prototypes/citasMedicasV1/backend-api-citas/vendor/swiftmailer/swiftmailer/lib/classes/Swift/Mime/SimpleHeaderFactory.php(61): Swift_Mime_Headers_MailboxHeader->setFieldBodyModel(Array)
#4 /Volumes/ARCHIVOS/Prototypes/citasMedicasV1/backend-api-citas/vendor/swiftmailer/swiftmailer/lib/classes/Swift/Mime/SimpleHeaderSet.php(71): Swift_Mime_SimpleHeaderFactory->createMailboxHeader('To', Array)
#5 /Volumes/ARCHIVOS/Prototypes/citasMedicasV1/backend-api-citas/vendor/swiftmailer/swiftmailer/lib/classes/Swift/Mime/SimpleMessage.php(323): Swift_Mime_SimpleHeaderSet->addMailboxHeader('To', Array)
#6 /Volumes/ARCHIVOS/Prototypes/citasMedicasV1/backend-api-citas/vendor/swiftmailer/swiftmailer/lib/classes/Swift/Mime/SimpleMessage.php(299): Swift_Mime_SimpleMessage->setTo(Array)
#7 /Volumes/ARCHIVOS/Prototypes/citasMedicasV1/backend-api-citas/vendor/laravel/framework/src/Illuminate/Mail/Message.php(164): Swift_Mime_SimpleMessage->addTo(NULL, NULL)
#8 /Volumes/ARCHIVOS/Prototypes/citasMedicasV1/backend-api-citas/vendor/laravel/framework/src/Illuminate/Mail/Message.php(98): Illuminate\\Mail\\Message->addAddresses(NULL, NULL, 'To')
#9 /Volumes/ARCHIVOS/Prototypes/citasMedicasV1/backend-api-citas/vendor/laravel/framework/src/Illuminate/Mail/Mailable.php(376): Illuminate\\Mail\\Message->to(NULL, NULL)
#10 /Volumes/ARCHIVOS/Prototypes/citasMedicasV1/backend-api-citas/vendor/laravel/framework/src/Illuminate/Mail/Mailable.php(183): Illuminate\\Mail\\Mailable->buildRecipients(Object(Illuminate\\Mail\\Message))
#11 /Volumes/ARCHIVOS/Prototypes/citasMedicasV1/backend-api-citas/vendor/laravel/framework/src/Illuminate/Mail/Mailer.php(271): Illuminate\\Mail\\Mailable->Illuminate\\Mail\\{closure}(Object(Illuminate\\Mail\\Message))
#12 /Volumes/ARCHIVOS/Prototypes/citasMedicasV1/backend-api-citas/vendor/laravel/framework/src/Illuminate/Mail/Mailable.php(181): Illuminate\\Mail\\Mailer->send(Object(Illuminate\\Support\\HtmlString), Array, Object(Closure))
#13 /Volumes/ARCHIVOS/Prototypes/citasMedicasV1/backend-api-citas/vendor/laravel/framework/src/Illuminate/Support/Traits/Localizable.php(19): Illuminate\\Mail\\Mailable->Illuminate\\Mail\\{closure}()
#14 /Volumes/ARCHIVOS/Prototypes/citasMedicasV1/backend-api-citas/vendor/laravel/framework/src/Illuminate/Mail/Mailable.php(174): Illuminate\\Mail\\Mailable->withLocale(NULL, Object(Closure))
#15 /Volumes/ARCHIVOS/Prototypes/citasMedicasV1/backend-api-citas/vendor/laravel/framework/src/Illuminate/Mail/Mailer.php(304): Illuminate\\Mail\\Mailable->send(Object(Illuminate\\Mail\\Mailer))
#16 /Volumes/ARCHIVOS/Prototypes/citasMedicasV1/backend-api-citas/vendor/laravel/framework/src/Illuminate/Mail/Mailer.php(258): Illuminate\\Mail\\Mailer->sendMailable(Object(App\\Mail\\NewAppointmentRegisterMail))
#17 /Volumes/ARCHIVOS/Prototypes/citasMedicasV1/backend-api-citas/vendor/laravel/framework/src/Illuminate/Mail/PendingMail.php(124): Illuminate\\Mail\\Mailer->send(Object(App\\Mail\\NewAppointmentRegisterMail))
#18 /Volumes/ARCHIVOS/Prototypes/citasMedicasV1/backend-api-citas/app/Http/Controllers/Appointment/AppointmentController.php(285): Illuminate\\Mail\\PendingMail->send(Object(App\\Mail\\NewAppointmentRegisterMail))
#19 /Volumes/ARCHIVOS/Prototypes/citasMedicasV1/backend-api-citas/vendor/laravel/framework/src/Illuminate/Routing/Controller.php(54): App\\Http\\Controllers\\Appointment\\AppointmentController->store(Object(Illuminate\\Http\\Request))
#20 /Volumes/ARCHIVOS/Prototypes/citasMedicasV1/backend-api-citas/vendor/laravel/framework/src/Illuminate/Routing/ControllerDispatcher.php(45): Illuminate\\Routing\\Controller->callAction('store', Array)
#21 /Volumes/ARCHIVOS/Prototypes/citasMedicasV1/backend-api-citas/vendor/laravel/framework/src/Illuminate/Routing/Route.php(261): Illuminate\\Routing\\ControllerDispatcher->dispatch(Object(Illuminate\\Routing\\Route), Object(App\\Http\\Controllers\\Appointment\\AppointmentController), 'store')
#22 /Volumes/ARCHIVOS/Prototypes/citasMedicasV1/backend-api-citas/vendor/laravel/framework/src/Illuminate/Routing/Route.php(205): Illuminate\\Routing\\Route->runController()
#23 /Volumes/ARCHIVOS/Prototypes/citasMedicasV1/backend-api-citas/vendor/laravel/framework/src/Illuminate/Routing/Router.php(721): Illuminate\\Routing\\Route->run()
#24 /Volumes/ARCHIVOS/Prototypes/citasMedicasV1/backend-api-citas/vendor/laravel/framework/src/Illuminate/Pipeline/Pipeline.php(128): Illuminate\\Routing\\Router->Illuminate\\Routing\\{closure}(Object(Illuminate\\Http\\Request))
#25 /Volumes/ARCHIVOS/Prototypes/citasMedicasV1/backend-api-citas/vendor/laravel/framework/src/Illuminate/Routing/Middleware/SubstituteBindings.php(50): Illuminate\\Pipeline\\Pipeline->Illuminate\\Pipeline\\{closure}(Object(Illuminate\\Http\\Request))
#26 /Volumes/ARCHIVOS/Prototypes/citasMedicasV1/backend-api-citas/vendor/laravel/framework/src/Illuminate/Pipeline/Pipeline.php(167): Illuminate\\Routing\\Middleware\\SubstituteBindings->handle(Object(Illuminate\\Http\\Request), Object(Closure))
#27 /Volumes/ARCHIVOS/Prototypes/citasMedicasV1/backend-api-citas/vendor/laravel/framework/src/Illuminate/Routing/Middleware/ThrottleRequests.php(127): Illuminate\\Pipeline\\Pipeline->Illuminate\\Pipeline\\{closure}(Object(Illuminate\\Http\\Request))
#28 /Volumes/ARCHIVOS/Prototypes/citasMedicasV1/backend-api-citas/vendor/laravel/framework/src/Illuminate/Routing/Middleware/ThrottleRequests.php(93): Illuminate\\Routing\\Middleware\\ThrottleRequests->handleRequest(Object(Illuminate\\Http\\Request), Object(Closure), Array)
#29 /Volumes/ARCHIVOS/Prototypes/citasMedicasV1/backend-api-citas/vendor/laravel/framework/src/Illuminate/Routing/Middleware/ThrottleRequests.php(55): Illuminate\\Routing\\Middleware\\ThrottleRequests->handleRequestUsingNamedLimiter(Object(Illuminate\\Http\\Request), Object(Closure), 'api', Object(Closure))
#30 /Volumes/ARCHIVOS/Prototypes/citasMedicasV1/backend-api-citas/vendor/laravel/framework/src/Illuminate/Pipeline/Pipeline.php(167): Illuminate\\Routing\\Middleware\\ThrottleRequests->handle(Object(Illuminate\\Http\\Request), Object(Closure), 'api')
#31 /Volumes/ARCHIVOS/Prototypes/citasMedicasV1/backend-api-citas/vendor/laravel/framework/src/Illuminate/Pipeline/Pipeline.php(103): Illuminate\\Pipeline\\Pipeline->Illuminate\\Pipeline\\{closure}(Object(Illuminate\\Http\\Request))
#32 /Volumes/ARCHIVOS/Prototypes/citasMedicasV1/backend-api-citas/vendor/laravel/framework/src/Illuminate/Routing/Router.php(719): Illuminate\\Pipeline\\Pipeline->then(Object(Closure))
#33 /Volumes/ARCHIVOS/Prototypes/citasMedicasV1/backend-api-citas/vendor/laravel/framework/src/Illuminate/Routing/Router.php(698): Illuminate\\Routing\\Router->runRouteWithinStack(Object(Illuminate\\Routing\\Route), Object(Illuminate\\Http\\Request))
#34 /Volumes/ARCHIVOS/Prototypes/citasMedicasV1/backend-api-citas/vendor/laravel/framework/src/Illuminate/Routing/Router.php(662): Illuminate\\Routing\\Router->runRoute(Object(Illuminate\\Http\\Request), Object(Illuminate\\Routing\\Route))
#35 /Volumes/ARCHIVOS/Prototypes/citasMedicasV1/backend-api-citas/vendor/laravel/framework/src/Illuminate/Routing/Router.php(651): Illuminate\\Routing\\Router->dispatchToRoute(Object(Illuminate\\Http\\Request))
#36 /Volumes/ARCHIVOS/Prototypes/citasMedicasV1/backend-api-citas/vendor/laravel/framework/src/Illuminate/Foundation/Http/Kernel.php(167): Illuminate\\Routing\\Router->dispatch(Object(Illuminate\\Http\\Request))
#37 /Volumes/ARCHIVOS/Prototypes/citasMedicasV1/backend-api-citas/vendor/laravel/framework/src/Illuminate/Pipeline/Pipeline.php(128): Illuminate\\Foundation\\Http\\Kernel->Illuminate\\Foundation\\Http\\{closure}(Object(Illuminate\\Http\\Request))
#38 /Volumes/ARCHIVOS/Prototypes/citasMedicasV1/backend-api-citas/vendor/laravel/framework/src/Illuminate/Foundation/Http/Middleware/TransformsRequest.php(21): Illuminate\\Pipeline\\Pipeline->Illuminate\\Pipeline\\{closure}(Object(Illuminate\\Http\\Request))
#39 /Volumes/ARCHIVOS/Prototypes/citasMedicasV1/backend-api-citas/vendor/laravel/framework/src/Illuminate/Foundation/Http/Middleware/ConvertEmptyStringsToNull.php(31): Illuminate\\Foundation\\Http\\Middleware\\TransformsRequest->handle(Object(Illuminate\\Http\\Request), Object(Closure))
#40 /Volumes/ARCHIVOS/Prototypes/citasMedicasV1/backend-api-citas/vendor/laravel/framework/src/Illuminate/Pipeline/Pipeline.php(167): Illuminate\\Foundation\\Http\\Middleware\\ConvertEmptyStringsToNull->handle(Object(Illuminate\\Http\\Request), Object(Closure))
#41 /Volumes/ARCHIVOS/Prototypes/citasMedicasV1/backend-api-citas/vendor/laravel/framework/src/Illuminate/Foundation/Http/Middleware/TransformsRequest.php(21): Illuminate\\Pipeline\\Pipeline->Illuminate\\Pipeline\\{closure}(Object(Illuminate\\Http\\Request))
#42 /Volumes/ARCHIVOS/Prototypes/citasMedicasV1/backend-api-citas/vendor/laravel/framework/src/Illuminate/Foundation/Http/Middleware/TrimStrings.php(40): Illuminate\\Foundation\\Http\\Middleware\\TransformsRequest->handle(Object(Illuminate\\Http\\Request), Object(Closure))
#43 /Volumes/ARCHIVOS/Prototypes/citasMedicasV1/backend-api-citas/vendor/laravel/framework/src/Illuminate/Pipeline/Pipeline.php(167): Illuminate\\Foundation\\Http\\Middleware\\TrimStrings->handle(Object(Illuminate\\Http\\Request), Object(Closure))
#44 /Volumes/ARCHIVOS/Prototypes/citasMedicasV1/backend-api-citas/vendor/laravel/framework/src/Illuminate/Foundation/Http/Middleware/ValidatePostSize.php(27): Illuminate\\Pipeline\\Pipeline->Illuminate\\Pipeline\\{closure}(Object(Illuminate\\Http\\Request))
#45 /Volumes/ARCHIVOS/Prototypes/citasMedicasV1/backend-api-citas/vendor/laravel/framework/src/Illuminate/Pipeline/Pipeline.php(167): Illuminate\\Foundation\\Http\\Middleware\\ValidatePostSize->handle(Object(Illuminate\\Http\\Request), Object(Closure))
#46 /Volumes/ARCHIVOS/Prototypes/citasMedicasV1/backend-api-citas/vendor/laravel/framework/src/Illuminate/Foundation/Http/Middleware/PreventRequestsDuringMaintenance.php(86): Illuminate\\Pipeline\\Pipeline->Illuminate\\Pipeline\\{closure}(Object(Illuminate\\Http\\Request))
#47 /Volumes/ARCHIVOS/Prototypes/citasMedicasV1/backend-api-citas/vendor/laravel/framework/src/Illuminate/Pipeline/Pipeline.php(167): Illuminate\\Foundation\\Http\\Middleware\\PreventRequestsDuringMaintenance->handle(Object(Illuminate\\Http\\Request), Object(Closure))
#48 /Volumes/ARCHIVOS/Prototypes/citasMedicasV1/backend-api-citas/vendor/fruitcake/laravel-cors/src/HandleCors.php(52): Illuminate\\Pipeline\\Pipeline->Illuminate\\Pipeline\\{closure}(Object(Illuminate\\Http\\Request))
#49 /Volumes/ARCHIVOS/Prototypes/citasMedicasV1/backend-api-citas/vendor/laravel/framework/src/Illuminate/Pipeline/Pipeline.php(167): Fruitcake\\Cors\\HandleCors->handle(Object(Illuminate\\Http\\Request), Object(Closure))
#50 /Volumes/ARCHIVOS/Prototypes/citasMedicasV1/backend-api-citas/vendor/laravel/framework/src/Illuminate/Http/Middleware/TrustProxies.php(39): Illuminate\\Pipeline\\Pipeline->Illuminate\\Pipeline\\{closure}(Object(Illuminate\\Http\\Request))
#51 /Volumes/ARCHIVOS/Prototypes/citasMedicasV1/backend-api-citas/vendor/laravel/framework/src/Illuminate/Pipeline/Pipeline.php(167): Illuminate\\Http\\Middleware\\TrustProxies->handle(Object(Illuminate\\Http\\Request), Object(Closure))
#52 /Volumes/ARCHIVOS/Prototypes/citasMedicasV1/backend-api-citas/vendor/laravel/framework/src/Illuminate/Pipeline/Pipeline.php(103): Illuminate\\Pipeline\\Pipeline->Illuminate\\Pipeline\\{closure}(Object(Illuminate\\Http\\Request))
#53 /Volumes/ARCHIVOS/Prototypes/citasMedicasV1/backend-api-citas/vendor/laravel/framework/src/Illuminate/Foundation/Http/Kernel.php(142): Illuminate\\Pipeline\\Pipeline->then(Object(Closure))
#54 /Volumes/ARCHIVOS/Prototypes/citasMedicasV1/backend-api-citas/vendor/laravel/framework/src/Illuminate/Foundation/Http/Kernel.php(111): Illuminate\\Foundation\\Http\\Kernel->sendRequestThroughRouter(Object(Illuminate\\Http\\Request))
#55 /Volumes/ARCHIVOS/Prototypes/citasMedicasV1/backend-api-citas/public/index.php(51): Illuminate\\Foundation\\Http\\Kernel->handle(Object(Illuminate\\Http\\Request))
#56 /Volumes/ARCHIVOS/Prototypes/citasMedicasV1/backend-api-citas/server.php(21): require_once('/Volumes/ARCHIV...')
#57 {main}
"} 
[2024-01-07 15:55:23] local.ERROR: Attempt to read property "surname" on null {"exception":"[object] (ErrorException(code: 0): Attempt to read property \"surname\" on null at /Volumes/ARCHIVOS/Prototypes/citasMedicasV1/backend-api-citas/app/Http/Controllers/Appointment/AppointmentController.php:311)
[stacktrace]
#0 /Volumes/ARCHIVOS/Prototypes/citasMedicasV1/backend-api-citas/app/Http/Controllers/Appointment/AppointmentController.php(311): Illuminate\\Foundation\\Bootstrap\\HandleExceptions->handleError(2, 'Attempt to read...', '/Volumes/ARCHIV...', 311)
#1 /Volumes/ARCHIVOS/Prototypes/citasMedicasV1/backend-api-citas/vendor/laravel/framework/src/Illuminate/Routing/Controller.php(54): App\\Http\\Controllers\\Appointment\\AppointmentController->store(Object(Illuminate\\Http\\Request))
#2 /Volumes/ARCHIVOS/Prototypes/citasMedicasV1/backend-api-citas/vendor/laravel/framework/src/Illuminate/Routing/ControllerDispatcher.php(45): Illuminate\\Routing\\Controller->callAction('store', Array)
#3 /Volumes/ARCHIVOS/Prototypes/citasMedicasV1/backend-api-citas/vendor/laravel/framework/src/Illuminate/Routing/Route.php(261): Illuminate\\Routing\\ControllerDispatcher->dispatch(Object(Illuminate\\Routing\\Route), Object(App\\Http\\Controllers\\Appointment\\AppointmentController), 'store')
#4 /Volumes/ARCHIVOS/Prototypes/citasMedicasV1/backend-api-citas/vendor/laravel/framework/src/Illuminate/Routing/Route.php(205): Illuminate\\Routing\\Route->runController()
#5 /Volumes/ARCHIVOS/Prototypes/citasMedicasV1/backend-api-citas/vendor/laravel/framework/src/Illuminate/Routing/Router.php(721): Illuminate\\Routing\\Route->run()
#6 /Volumes/ARCHIVOS/Prototypes/citasMedicasV1/backend-api-citas/vendor/laravel/framework/src/Illuminate/Pipeline/Pipeline.php(128): Illuminate\\Routing\\Router->Illuminate\\Routing\\{closure}(Object(Illuminate\\Http\\Request))
#7 /Volumes/ARCHIVOS/Prototypes/citasMedicasV1/backend-api-citas/vendor/laravel/framework/src/Illuminate/Routing/Middleware/SubstituteBindings.php(50): Illuminate\\Pipeline\\Pipeline->Illuminate\\Pipeline\\{closure}(Object(Illuminate\\Http\\Request))
#8 /Volumes/ARCHIVOS/Prototypes/citasMedicasV1/backend-api-citas/vendor/laravel/framework/src/Illuminate/Pipeline/Pipeline.php(167): Illuminate\\Routing\\Middleware\\SubstituteBindings->handle(Object(Illuminate\\Http\\Request), Object(Closure))
#9 /Volumes/ARCHIVOS/Prototypes/citasMedicasV1/backend-api-citas/vendor/laravel/framework/src/Illuminate/Routing/Middleware/ThrottleRequests.php(127): Illuminate\\Pipeline\\Pipeline->Illuminate\\Pipeline\\{closure}(Object(Illuminate\\Http\\Request))
#10 /Volumes/ARCHIVOS/Prototypes/citasMedicasV1/backend-api-citas/vendor/laravel/framework/src/Illuminate/Routing/Middleware/ThrottleRequests.php(93): Illuminate\\Routing\\Middleware\\ThrottleRequests->handleRequest(Object(Illuminate\\Http\\Request), Object(Closure), Array)
#11 /Volumes/ARCHIVOS/Prototypes/citasMedicasV1/backend-api-citas/vendor/laravel/framework/src/Illuminate/Routing/Middleware/ThrottleRequests.php(55): Illuminate\\Routing\\Middleware\\ThrottleRequests->handleRequestUsingNamedLimiter(Object(Illuminate\\Http\\Request), Object(Closure), 'api', Object(Closure))
#12 /Volumes/ARCHIVOS/Prototypes/citasMedicasV1/backend-api-citas/vendor/laravel/framework/src/Illuminate/Pipeline/Pipeline.php(167): Illuminate\\Routing\\Middleware\\ThrottleRequests->handle(Object(Illuminate\\Http\\Request), Object(Closure), 'api')
#13 /Volumes/ARCHIVOS/Prototypes/citasMedicasV1/backend-api-citas/vendor/laravel/framework/src/Illuminate/Pipeline/Pipeline.php(103): Illuminate\\Pipeline\\Pipeline->Illuminate\\Pipeline\\{closure}(Object(Illuminate\\Http\\Request))
#14 /Volumes/ARCHIVOS/Prototypes/citasMedicasV1/backend-api-citas/vendor/laravel/framework/src/Illuminate/Routing/Router.php(719): Illuminate\\Pipeline\\Pipeline->then(Object(Closure))
#15 /Volumes/ARCHIVOS/Prototypes/citasMedicasV1/backend-api-citas/vendor/laravel/framework/src/Illuminate/Routing/Router.php(698): Illuminate\\Routing\\Router->runRouteWithinStack(Object(Illuminate\\Routing\\Route), Object(Illuminate\\Http\\Request))
#16 /Volumes/ARCHIVOS/Prototypes/citasMedicasV1/backend-api-citas/vendor/laravel/framework/src/Illuminate/Routing/Router.php(662): Illuminate\\Routing\\Router->runRoute(Object(Illuminate\\Http\\Request), Object(Illuminate\\Routing\\Route))
#17 /Volumes/ARCHIVOS/Prototypes/citasMedicasV1/backend-api-citas/vendor/laravel/framework/src/Illuminate/Routing/Router.php(651): Illuminate\\Routing\\Router->dispatchToRoute(Object(Illuminate\\Http\\Request))
#18 /Volumes/ARCHIVOS/Prototypes/citasMedicasV1/backend-api-citas/vendor/laravel/framework/src/Illuminate/Foundation/Http/Kernel.php(167): Illuminate\\Routing\\Router->dispatch(Object(Illuminate\\Http\\Request))
#19 /Volumes/ARCHIVOS/Prototypes/citasMedicasV1/backend-api-citas/vendor/laravel/framework/src/Illuminate/Pipeline/Pipeline.php(128): Illuminate\\Foundation\\Http\\Kernel->Illuminate\\Foundation\\Http\\{closure}(Object(Illuminate\\Http\\Request))
#20 /Volumes/ARCHIVOS/Prototypes/citasMedicasV1/backend-api-citas/vendor/laravel/framework/src/Illuminate/Foundation/Http/Middleware/TransformsRequest.php(21): Illuminate\\Pipeline\\Pipeline->Illuminate\\Pipeline\\{closure}(Object(Illuminate\\Http\\Request))
#21 /Volumes/ARCHIVOS/Prototypes/citasMedicasV1/backend-api-citas/vendor/laravel/framework/src/Illuminate/Foundation/Http/Middleware/ConvertEmptyStringsToNull.php(31): Illuminate\\Foundation\\Http\\Middleware\\TransformsRequest->handle(Object(Illuminate\\Http\\Request), Object(Closure))
#22 /Volumes/ARCHIVOS/Prototypes/citasMedicasV1/backend-api-citas/vendor/laravel/framework/src/Illuminate/Pipeline/Pipeline.php(167): Illuminate\\Foundation\\Http\\Middleware\\ConvertEmptyStringsToNull->handle(Object(Illuminate\\Http\\Request), Object(Closure))
#23 /Volumes/ARCHIVOS/Prototypes/citasMedicasV1/backend-api-citas/vendor/laravel/framework/src/Illuminate/Foundation/Http/Middleware/TransformsRequest.php(21): Illuminate\\Pipeline\\Pipeline->Illuminate\\Pipeline\\{closure}(Object(Illuminate\\Http\\Request))
#24 /Volumes/ARCHIVOS/Prototypes/citasMedicasV1/backend-api-citas/vendor/laravel/framework/src/Illuminate/Foundation/Http/Middleware/TrimStrings.php(40): Illuminate\\Foundation\\Http\\Middleware\\TransformsRequest->handle(Object(Illuminate\\Http\\Request), Object(Closure))
#25 /Volumes/ARCHIVOS/Prototypes/citasMedicasV1/backend-api-citas/vendor/laravel/framework/src/Illuminate/Pipeline/Pipeline.php(167): Illuminate\\Foundation\\Http\\Middleware\\TrimStrings->handle(Object(Illuminate\\Http\\Request), Object(Closure))
#26 /Volumes/ARCHIVOS/Prototypes/citasMedicasV1/backend-api-citas/vendor/laravel/framework/src/Illuminate/Foundation/Http/Middleware/ValidatePostSize.php(27): Illuminate\\Pipeline\\Pipeline->Illuminate\\Pipeline\\{closure}(Object(Illuminate\\Http\\Request))
#27 /Volumes/ARCHIVOS/Prototypes/citasMedicasV1/backend-api-citas/vendor/laravel/framework/src/Illuminate/Pipeline/Pipeline.php(167): Illuminate\\Foundation\\Http\\Middleware\\ValidatePostSize->handle(Object(Illuminate\\Http\\Request), Object(Closure))
#28 /Volumes/ARCHIVOS/Prototypes/citasMedicasV1/backend-api-citas/vendor/laravel/framework/src/Illuminate/Foundation/Http/Middleware/PreventRequestsDuringMaintenance.php(86): Illuminate\\Pipeline\\Pipeline->Illuminate\\Pipeline\\{closure}(Object(Illuminate\\Http\\Request))
#29 /Volumes/ARCHIVOS/Prototypes/citasMedicasV1/backend-api-citas/vendor/laravel/framework/src/Illuminate/Pipeline/Pipeline.php(167): Illuminate\\Foundation\\Http\\Middleware\\PreventRequestsDuringMaintenance->handle(Object(Illuminate\\Http\\Request), Object(Closure))
#30 /Volumes/ARCHIVOS/Prototypes/citasMedicasV1/backend-api-citas/vendor/fruitcake/laravel-cors/src/HandleCors.php(52): Illuminate\\Pipeline\\Pipeline->Illuminate\\Pipeline\\{closure}(Object(Illuminate\\Http\\Request))
#31 /Volumes/ARCHIVOS/Prototypes/citasMedicasV1/backend-api-citas/vendor/laravel/framework/src/Illuminate/Pipeline/Pipeline.php(167): Fruitcake\\Cors\\HandleCors->handle(Object(Illuminate\\Http\\Request), Object(Closure))
#32 /Volumes/ARCHIVOS/Prototypes/citasMedicasV1/backend-api-citas/vendor/laravel/framework/src/Illuminate/Http/Middleware/TrustProxies.php(39): Illuminate\\Pipeline\\Pipeline->Illuminate\\Pipeline\\{closure}(Object(Illuminate\\Http\\Request))
#33 /Volumes/ARCHIVOS/Prototypes/citasMedicasV1/backend-api-citas/vendor/laravel/framework/src/Illuminate/Pipeline/Pipeline.php(167): Illuminate\\Http\\Middleware\\TrustProxies->handle(Object(Illuminate\\Http\\Request), Object(Closure))
#34 /Volumes/ARCHIVOS/Prototypes/citasMedicasV1/backend-api-citas/vendor/laravel/framework/src/Illuminate/Pipeline/Pipeline.php(103): Illuminate\\Pipeline\\Pipeline->Illuminate\\Pipeline\\{closure}(Object(Illuminate\\Http\\Request))
#35 /Volumes/ARCHIVOS/Prototypes/citasMedicasV1/backend-api-citas/vendor/laravel/framework/src/Illuminate/Foundation/Http/Kernel.php(142): Illuminate\\Pipeline\\Pipeline->then(Object(Closure))
#36 /Volumes/ARCHIVOS/Prototypes/citasMedicasV1/backend-api-citas/vendor/laravel/framework/src/Illuminate/Foundation/Http/Kernel.php(111): Illuminate\\Foundation\\Http\\Kernel->sendRequestThroughRouter(Object(Illuminate\\Http\\Request))
#37 /Volumes/ARCHIVOS/Prototypes/citasMedicasV1/backend-api-citas/public/index.php(51): Illuminate\\Foundation\\Http\\Kernel->handle(Object(Illuminate\\Http\\Request))
#38 /Volumes/ARCHIVOS/Prototypes/citasMedicasV1/backend-api-citas/server.php(21): require_once('/Volumes/ARCHIV...')
#39 {main}
"} 
[2024-01-07 15:56:26] local.ERROR: Undefined variable $doctor_id {"exception":"[object] (ErrorException(code: 0): Undefined variable $doctor_id at /Volumes/ARCHIVOS/Prototypes/citasMedicasV1/backend-api-citas/app/Http/Controllers/Appointment/AppointmentController.php:309)
[stacktrace]
#0 /Volumes/ARCHIVOS/Prototypes/citasMedicasV1/backend-api-citas/app/Http/Controllers/Appointment/AppointmentController.php(309): Illuminate\\Foundation\\Bootstrap\\HandleExceptions->handleError(2, 'Undefined varia...', '/Volumes/ARCHIV...', 309)
#1 /Volumes/ARCHIVOS/Prototypes/citasMedicasV1/backend-api-citas/vendor/laravel/framework/src/Illuminate/Routing/Controller.php(54): App\\Http\\Controllers\\Appointment\\AppointmentController->store(Object(Illuminate\\Http\\Request))
#2 /Volumes/ARCHIVOS/Prototypes/citasMedicasV1/backend-api-citas/vendor/laravel/framework/src/Illuminate/Routing/ControllerDispatcher.php(45): Illuminate\\Routing\\Controller->callAction('store', Array)
#3 /Volumes/ARCHIVOS/Prototypes/citasMedicasV1/backend-api-citas/vendor/laravel/framework/src/Illuminate/Routing/Route.php(261): Illuminate\\Routing\\ControllerDispatcher->dispatch(Object(Illuminate\\Routing\\Route), Object(App\\Http\\Controllers\\Appointment\\AppointmentController), 'store')
#4 /Volumes/ARCHIVOS/Prototypes/citasMedicasV1/backend-api-citas/vendor/laravel/framework/src/Illuminate/Routing/Route.php(205): Illuminate\\Routing\\Route->runController()
#5 /Volumes/ARCHIVOS/Prototypes/citasMedicasV1/backend-api-citas/vendor/laravel/framework/src/Illuminate/Routing/Router.php(721): Illuminate\\Routing\\Route->run()
#6 /Volumes/ARCHIVOS/Prototypes/citasMedicasV1/backend-api-citas/vendor/laravel/framework/src/Illuminate/Pipeline/Pipeline.php(128): Illuminate\\Routing\\Router->Illuminate\\Routing\\{closure}(Object(Illuminate\\Http\\Request))
#7 /Volumes/ARCHIVOS/Prototypes/citasMedicasV1/backend-api-citas/vendor/laravel/framework/src/Illuminate/Routing/Middleware/SubstituteBindings.php(50): Illuminate\\Pipeline\\Pipeline->Illuminate\\Pipeline\\{closure}(Object(Illuminate\\Http\\Request))
#8 /Volumes/ARCHIVOS/Prototypes/citasMedicasV1/backend-api-citas/vendor/laravel/framework/src/Illuminate/Pipeline/Pipeline.php(167): Illuminate\\Routing\\Middleware\\SubstituteBindings->handle(Object(Illuminate\\Http\\Request), Object(Closure))
#9 /Volumes/ARCHIVOS/Prototypes/citasMedicasV1/backend-api-citas/vendor/laravel/framework/src/Illuminate/Routing/Middleware/ThrottleRequests.php(127): Illuminate\\Pipeline\\Pipeline->Illuminate\\Pipeline\\{closure}(Object(Illuminate\\Http\\Request))
#10 /Volumes/ARCHIVOS/Prototypes/citasMedicasV1/backend-api-citas/vendor/laravel/framework/src/Illuminate/Routing/Middleware/ThrottleRequests.php(93): Illuminate\\Routing\\Middleware\\ThrottleRequests->handleRequest(Object(Illuminate\\Http\\Request), Object(Closure), Array)
#11 /Volumes/ARCHIVOS/Prototypes/citasMedicasV1/backend-api-citas/vendor/laravel/framework/src/Illuminate/Routing/Middleware/ThrottleRequests.php(55): Illuminate\\Routing\\Middleware\\ThrottleRequests->handleRequestUsingNamedLimiter(Object(Illuminate\\Http\\Request), Object(Closure), 'api', Object(Closure))
#12 /Volumes/ARCHIVOS/Prototypes/citasMedicasV1/backend-api-citas/vendor/laravel/framework/src/Illuminate/Pipeline/Pipeline.php(167): Illuminate\\Routing\\Middleware\\ThrottleRequests->handle(Object(Illuminate\\Http\\Request), Object(Closure), 'api')
#13 /Volumes/ARCHIVOS/Prototypes/citasMedicasV1/backend-api-citas/vendor/laravel/framework/src/Illuminate/Pipeline/Pipeline.php(103): Illuminate\\Pipeline\\Pipeline->Illuminate\\Pipeline\\{closure}(Object(Illuminate\\Http\\Request))
#14 /Volumes/ARCHIVOS/Prototypes/citasMedicasV1/backend-api-citas/vendor/laravel/framework/src/Illuminate/Routing/Router.php(719): Illuminate\\Pipeline\\Pipeline->then(Object(Closure))
#15 /Volumes/ARCHIVOS/Prototypes/citasMedicasV1/backend-api-citas/vendor/laravel/framework/src/Illuminate/Routing/Router.php(698): Illuminate\\Routing\\Router->runRouteWithinStack(Object(Illuminate\\Routing\\Route), Object(Illuminate\\Http\\Request))
#16 /Volumes/ARCHIVOS/Prototypes/citasMedicasV1/backend-api-citas/vendor/laravel/framework/src/Illuminate/Routing/Router.php(662): Illuminate\\Routing\\Router->runRoute(Object(Illuminate\\Http\\Request), Object(Illuminate\\Routing\\Route))
#17 /Volumes/ARCHIVOS/Prototypes/citasMedicasV1/backend-api-citas/vendor/laravel/framework/src/Illuminate/Routing/Router.php(651): Illuminate\\Routing\\Router->dispatchToRoute(Object(Illuminate\\Http\\Request))
#18 /Volumes/ARCHIVOS/Prototypes/citasMedicasV1/backend-api-citas/vendor/laravel/framework/src/Illuminate/Foundation/Http/Kernel.php(167): Illuminate\\Routing\\Router->dispatch(Object(Illuminate\\Http\\Request))
#19 /Volumes/ARCHIVOS/Prototypes/citasMedicasV1/backend-api-citas/vendor/laravel/framework/src/Illuminate/Pipeline/Pipeline.php(128): Illuminate\\Foundation\\Http\\Kernel->Illuminate\\Foundation\\Http\\{closure}(Object(Illuminate\\Http\\Request))
#20 /Volumes/ARCHIVOS/Prototypes/citasMedicasV1/backend-api-citas/vendor/laravel/framework/src/Illuminate/Foundation/Http/Middleware/TransformsRequest.php(21): Illuminate\\Pipeline\\Pipeline->Illuminate\\Pipeline\\{closure}(Object(Illuminate\\Http\\Request))
#21 /Volumes/ARCHIVOS/Prototypes/citasMedicasV1/backend-api-citas/vendor/laravel/framework/src/Illuminate/Foundation/Http/Middleware/ConvertEmptyStringsToNull.php(31): Illuminate\\Foundation\\Http\\Middleware\\TransformsRequest->handle(Object(Illuminate\\Http\\Request), Object(Closure))
#22 /Volumes/ARCHIVOS/Prototypes/citasMedicasV1/backend-api-citas/vendor/laravel/framework/src/Illuminate/Pipeline/Pipeline.php(167): Illuminate\\Foundation\\Http\\Middleware\\ConvertEmptyStringsToNull->handle(Object(Illuminate\\Http\\Request), Object(Closure))
#23 /Volumes/ARCHIVOS/Prototypes/citasMedicasV1/backend-api-citas/vendor/laravel/framework/src/Illuminate/Foundation/Http/Middleware/TransformsRequest.php(21): Illuminate\\Pipeline\\Pipeline->Illuminate\\Pipeline\\{closure}(Object(Illuminate\\Http\\Request))
#24 /Volumes/ARCHIVOS/Prototypes/citasMedicasV1/backend-api-citas/vendor/laravel/framework/src/Illuminate/Foundation/Http/Middleware/TrimStrings.php(40): Illuminate\\Foundation\\Http\\Middleware\\TransformsRequest->handle(Object(Illuminate\\Http\\Request), Object(Closure))
#25 /Volumes/ARCHIVOS/Prototypes/citasMedicasV1/backend-api-citas/vendor/laravel/framework/src/Illuminate/Pipeline/Pipeline.php(167): Illuminate\\Foundation\\Http\\Middleware\\TrimStrings->handle(Object(Illuminate\\Http\\Request), Object(Closure))
#26 /Volumes/ARCHIVOS/Prototypes/citasMedicasV1/backend-api-citas/vendor/laravel/framework/src/Illuminate/Foundation/Http/Middleware/ValidatePostSize.php(27): Illuminate\\Pipeline\\Pipeline->Illuminate\\Pipeline\\{closure}(Object(Illuminate\\Http\\Request))
#27 /Volumes/ARCHIVOS/Prototypes/citasMedicasV1/backend-api-citas/vendor/laravel/framework/src/Illuminate/Pipeline/Pipeline.php(167): Illuminate\\Foundation\\Http\\Middleware\\ValidatePostSize->handle(Object(Illuminate\\Http\\Request), Object(Closure))
#28 /Volumes/ARCHIVOS/Prototypes/citasMedicasV1/backend-api-citas/vendor/laravel/framework/src/Illuminate/Foundation/Http/Middleware/PreventRequestsDuringMaintenance.php(86): Illuminate\\Pipeline\\Pipeline->Illuminate\\Pipeline\\{closure}(Object(Illuminate\\Http\\Request))
#29 /Volumes/ARCHIVOS/Prototypes/citasMedicasV1/backend-api-citas/vendor/laravel/framework/src/Illuminate/Pipeline/Pipeline.php(167): Illuminate\\Foundation\\Http\\Middleware\\PreventRequestsDuringMaintenance->handle(Object(Illuminate\\Http\\Request), Object(Closure))
#30 /Volumes/ARCHIVOS/Prototypes/citasMedicasV1/backend-api-citas/vendor/fruitcake/laravel-cors/src/HandleCors.php(52): Illuminate\\Pipeline\\Pipeline->Illuminate\\Pipeline\\{closure}(Object(Illuminate\\Http\\Request))
#31 /Volumes/ARCHIVOS/Prototypes/citasMedicasV1/backend-api-citas/vendor/laravel/framework/src/Illuminate/Pipeline/Pipeline.php(167): Fruitcake\\Cors\\HandleCors->handle(Object(Illuminate\\Http\\Request), Object(Closure))
#32 /Volumes/ARCHIVOS/Prototypes/citasMedicasV1/backend-api-citas/vendor/laravel/framework/src/Illuminate/Http/Middleware/TrustProxies.php(39): Illuminate\\Pipeline\\Pipeline->Illuminate\\Pipeline\\{closure}(Object(Illuminate\\Http\\Request))
#33 /Volumes/ARCHIVOS/Prototypes/citasMedicasV1/backend-api-citas/vendor/laravel/framework/src/Illuminate/Pipeline/Pipeline.php(167): Illuminate\\Http\\Middleware\\TrustProxies->handle(Object(Illuminate\\Http\\Request), Object(Closure))
#34 /Volumes/ARCHIVOS/Prototypes/citasMedicasV1/backend-api-citas/vendor/laravel/framework/src/Illuminate/Pipeline/Pipeline.php(103): Illuminate\\Pipeline\\Pipeline->Illuminate\\Pipeline\\{closure}(Object(Illuminate\\Http\\Request))
#35 /Volumes/ARCHIVOS/Prototypes/citasMedicasV1/backend-api-citas/vendor/laravel/framework/src/Illuminate/Foundation/Http/Kernel.php(142): Illuminate\\Pipeline\\Pipeline->then(Object(Closure))
#36 /Volumes/ARCHIVOS/Prototypes/citasMedicasV1/backend-api-citas/vendor/laravel/framework/src/Illuminate/Foundation/Http/Kernel.php(111): Illuminate\\Foundation\\Http\\Kernel->sendRequestThroughRouter(Object(Illuminate\\Http\\Request))
#37 /Volumes/ARCHIVOS/Prototypes/citasMedicasV1/backend-api-citas/public/index.php(51): Illuminate\\Foundation\\Http\\Kernel->handle(Object(Illuminate\\Http\\Request))
#38 /Volumes/ARCHIVOS/Prototypes/citasMedicasV1/backend-api-citas/server.php(21): require_once('/Volumes/ARCHIV...')
#39 {main}
"} 
